<?xml version="1.0" encoding="UTF-8"?>
<coverage generated="1648816054694" clover="3.2.0">
  <project timestamp="1648816054694" name="All files">
    <metrics statements="47" coveredstatements="23" conditionals="10" coveredconditionals="1" methods="11" coveredmethods="3" elements="68" coveredelements="27" complexity="0" loc="47" ncloc="47" packages="1" files="1" classes="1"/>
    <file name="app.js" path="/home/nicola_walker/LBG4-API/app.js">
      <metrics statements="47" coveredstatements="23" conditionals="10" coveredconditionals="1" methods="11" coveredmethods="3"/>
      <line num="2" count="1" type="stmt"/>
      <line num="5" count="1" type="stmt"/>
      <line num="8" count="1" type="stmt"/>
      <line num="11" count="1" type="stmt"/>
      <line num="14" count="1" type="stmt"/>
      <line num="17" count="1" type="stmt"/>
      <line num="18" count="1" type="stmt"/>
      <line num="23" count="1" type="stmt"/>
      <line num="26" count="1" type="stmt"/>
      <line num="30" count="1" type="stmt"/>
      <line num="32" count="1" type="stmt"/>
      <line num="39" count="1" type="stmt"/>
      <line num="43" count="1" type="stmt"/>
      <line num="45" count="0" type="stmt"/>
      <line num="46" count="0" type="stmt"/>
      <line num="48" count="0" type="stmt"/>
      <line num="50" count="0" type="stmt"/>
      <line num="53" count="0" type="stmt"/>
      <line num="55" count="0" type="cond" truecount="0" falsecount="2"/>
      <line num="57" count="0" type="stmt"/>
      <line num="59" count="0" type="stmt"/>
      <line num="64" count="1" type="stmt"/>
      <line num="66" count="1" type="stmt"/>
      <line num="69" count="1" type="stmt"/>
      <line num="71" count="1" type="cond" truecount="1" falsecount="1"/>
      <line num="73" count="1" type="stmt"/>
      <line num="75" count="1" type="stmt"/>
      <line num="80" count="1" type="stmt"/>
      <line num="82" count="0" type="stmt"/>
      <line num="85" count="0" type="stmt"/>
      <line num="87" count="0" type="cond" truecount="0" falsecount="2"/>
      <line num="89" count="0" type="stmt"/>
      <line num="91" count="0" type="stmt"/>
      <line num="96" count="1" type="stmt"/>
      <line num="98" count="0" type="stmt"/>
      <line num="100" count="0" type="stmt"/>
      <line num="104" count="0" type="stmt"/>
      <line num="106" count="0" type="cond" truecount="0" falsecount="2"/>
      <line num="108" count="0" type="stmt"/>
      <line num="110" count="0" type="stmt"/>
      <line num="115" count="1" type="stmt"/>
      <line num="117" count="0" type="stmt"/>
      <line num="120" count="0" type="stmt"/>
      <line num="122" count="0" type="cond" truecount="0" falsecount="2"/>
      <line num="124" count="0" type="stmt"/>
      <line num="126" count="0" type="stmt"/>
      <line num="131" count="1" type="stmt"/>
    </file>
  </project>
</coverage>
