{"/home/nicola_walker/LBG4-API/app.js": {"path":"/home/nicola_walker/LBG4-API/app.js","statementMap":{"0":{"start":{"line":2,"column":16},"end":{"line":2,"column":34}},"1":{"start":{"line":5,"column":18},"end":{"line":5,"column":33}},"2":{"start":{"line":8,"column":18},"end":{"line":8,"column":40}},"3":{"start":{"line":11,"column":12},"end":{"line":11,"column":21}},"4":{"start":{"line":14,"column":11},"end":{"line":14,"column":26}},"5":{"start":{"line":17,"column":0},"end":{"line":17,"column":27}},"6":{"start":{"line":18,"column":0},"end":{"line":20,"column":4}},"7":{"start":{"line":23,"column":0},"end":{"line":23,"column":47}},"8":{"start":{"line":26,"column":9},"end":{"line":26,"column":10}},"9":{"start":{"line":30,"column":18},"end":{"line":40,"column":1}},"10":{"start":{"line":32,"column":15},"end":{"line":37,"column":5}},"11":{"start":{"line":39,"column":4},"end":{"line":39,"column":16}},"12":{"start":{"line":43,"column":0},"end":{"line":61,"column":3}},"13":{"start":{"line":45,"column":4},"end":{"line":45,"column":35}},"14":{"start":{"line":46,"column":4},"end":{"line":46,"column":31}},"15":{"start":{"line":48,"column":15},"end":{"line":48,"column":103}},"16":{"start":{"line":50,"column":4},"end":{"line":50,"column":9}},"17":{"start":{"line":53,"column":4},"end":{"line":60,"column":7}},"18":{"start":{"line":55,"column":8},"end":{"line":55,"column":31}},"19":{"start":{"line":55,"column":17},"end":{"line":55,"column":31}},"20":{"start":{"line":57,"column":8},"end":{"line":57,"column":35}},"21":{"start":{"line":59,"column":8},"end":{"line":59,"column":61}},"22":{"start":{"line":64,"column":0},"end":{"line":77,"column":3}},"23":{"start":{"line":66,"column":4},"end":{"line":66,"column":32}},"24":{"start":{"line":69,"column":4},"end":{"line":76,"column":7}},"25":{"start":{"line":71,"column":8},"end":{"line":71,"column":31}},"26":{"start":{"line":71,"column":17},"end":{"line":71,"column":31}},"27":{"start":{"line":73,"column":8},"end":{"line":73,"column":36}},"28":{"start":{"line":75,"column":8},"end":{"line":75,"column":63}},"29":{"start":{"line":80,"column":0},"end":{"line":93,"column":3}},"30":{"start":{"line":82,"column":4},"end":{"line":82,"column":32}},"31":{"start":{"line":85,"column":4},"end":{"line":92,"column":7}},"32":{"start":{"line":87,"column":8},"end":{"line":87,"column":31}},"33":{"start":{"line":87,"column":17},"end":{"line":87,"column":31}},"34":{"start":{"line":89,"column":8},"end":{"line":89,"column":35}},"35":{"start":{"line":91,"column":8},"end":{"line":91,"column":61}},"36":{"start":{"line":96,"column":0},"end":{"line":112,"column":3}},"37":{"start":{"line":98,"column":4},"end":{"line":98,"column":34}},"38":{"start":{"line":100,"column":22},"end":{"line":100,"column":111}},"39":{"start":{"line":104,"column":4},"end":{"line":111,"column":7}},"40":{"start":{"line":106,"column":8},"end":{"line":106,"column":31}},"41":{"start":{"line":106,"column":17},"end":{"line":106,"column":31}},"42":{"start":{"line":108,"column":8},"end":{"line":108,"column":28}},"43":{"start":{"line":110,"column":8},"end":{"line":110,"column":66}},"44":{"start":{"line":115,"column":0},"end":{"line":128,"column":3}},"45":{"start":{"line":117,"column":4},"end":{"line":117,"column":37}},"46":{"start":{"line":120,"column":4},"end":{"line":127,"column":7}},"47":{"start":{"line":122,"column":8},"end":{"line":122,"column":31}},"48":{"start":{"line":122,"column":17},"end":{"line":122,"column":31}},"49":{"start":{"line":124,"column":8},"end":{"line":124,"column":28}},"50":{"start":{"line":126,"column":8},"end":{"line":126,"column":66}},"51":{"start":{"line":131,"column":0},"end":{"line":131,"column":36}}},"fnMap":{"0":{"name":"(anonymous_0)","decl":{"start":{"line":30,"column":18},"end":{"line":30,"column":19}},"loc":{"start":{"line":30,"column":68},"end":{"line":40,"column":1}},"line":30},"1":{"name":"(anonymous_1)","decl":{"start":{"line":43,"column":20},"end":{"line":43,"column":21}},"loc":{"start":{"line":43,"column":33},"end":{"line":61,"column":1}},"line":43},"2":{"name":"(anonymous_2)","decl":{"start":{"line":53,"column":20},"end":{"line":53,"column":21}},"loc":{"start":{"line":53,"column":35},"end":{"line":60,"column":5}},"line":53},"3":{"name":"(anonymous_3)","decl":{"start":{"line":64,"column":17},"end":{"line":64,"column":18}},"loc":{"start":{"line":64,"column":30},"end":{"line":77,"column":1}},"line":64},"4":{"name":"(anonymous_4)","decl":{"start":{"line":69,"column":16},"end":{"line":69,"column":17}},"loc":{"start":{"line":69,"column":32},"end":{"line":76,"column":5}},"line":69},"5":{"name":"(anonymous_5)","decl":{"start":{"line":80,"column":21},"end":{"line":80,"column":22}},"loc":{"start":{"line":80,"column":34},"end":{"line":93,"column":1}},"line":80},"6":{"name":"(anonymous_6)","decl":{"start":{"line":85,"column":45},"end":{"line":85,"column":46}},"loc":{"start":{"line":85,"column":60},"end":{"line":92,"column":5}},"line":85},"7":{"name":"(anonymous_7)","decl":{"start":{"line":96,"column":23},"end":{"line":96,"column":24}},"loc":{"start":{"line":96,"column":36},"end":{"line":112,"column":1}},"line":96},"8":{"name":"(anonymous_8)","decl":{"start":{"line":104,"column":60},"end":{"line":104,"column":61}},"loc":{"start":{"line":104,"column":77},"end":{"line":111,"column":5}},"line":104},"9":{"name":"(anonymous_9)","decl":{"start":{"line":115,"column":26},"end":{"line":115,"column":27}},"loc":{"start":{"line":115,"column":39},"end":{"line":128,"column":1}},"line":115},"10":{"name":"(anonymous_10)","decl":{"start":{"line":120,"column":47},"end":{"line":120,"column":48}},"loc":{"start":{"line":120,"column":64},"end":{"line":127,"column":5}},"line":120}},"branchMap":{"0":{"loc":{"start":{"line":55,"column":8},"end":{"line":55,"column":31}},"type":"if","locations":[{"start":{"line":55,"column":8},"end":{"line":55,"column":31}},{"start":{},"end":{}}],"line":55},"1":{"loc":{"start":{"line":71,"column":8},"end":{"line":71,"column":31}},"type":"if","locations":[{"start":{"line":71,"column":8},"end":{"line":71,"column":31}},{"start":{},"end":{}}],"line":71},"2":{"loc":{"start":{"line":87,"column":8},"end":{"line":87,"column":31}},"type":"if","locations":[{"start":{"line":87,"column":8},"end":{"line":87,"column":31}},{"start":{},"end":{}}],"line":87},"3":{"loc":{"start":{"line":106,"column":8},"end":{"line":106,"column":31}},"type":"if","locations":[{"start":{"line":106,"column":8},"end":{"line":106,"column":31}},{"start":{},"end":{}}],"line":106},"4":{"loc":{"start":{"line":122,"column":8},"end":{"line":122,"column":31}},"type":"if","locations":[{"start":{"line":122,"column":8},"end":{"line":122,"column":31}},{"start":{},"end":{}}],"line":122}},"s":{"0":1,"1":1,"2":1,"3":1,"4":1,"5":1,"6":1,"7":1,"8":1,"9":1,"10":1,"11":1,"12":1,"13":0,"14":0,"15":0,"16":0,"17":0,"18":0,"19":0,"20":0,"21":0,"22":1,"23":1,"24":1,"25":1,"26":0,"27":1,"28":1,"29":1,"30":0,"31":0,"32":0,"33":0,"34":0,"35":0,"36":1,"37":0,"38":0,"39":0,"40":0,"41":0,"42":0,"43":0,"44":1,"45":0,"46":0,"47":0,"48":0,"49":0,"50":0,"51":1},"f":{"0":1,"1":0,"2":0,"3":1,"4":1,"5":0,"6":0,"7":0,"8":0,"9":0,"10":0},"b":{"0":[0,0],"1":[0,1],"2":[0,0],"3":[0,0],"4":[0,0]},"_coverageSchema":"1a1c01bbd47fc00a2c39e90264f33305004495a9","hash":"8f8128b618848efbceb42b5d81e91c5a82c42ef5"}
}
