TN:
SF:app.js
FN:30,(anonymous_0)
FN:43,(anonymous_1)
FN:53,(anonymous_2)
FN:64,(anonymous_3)
FN:69,(anonymous_4)
FN:80,(anonymous_5)
FN:85,(anonymous_6)
FN:96,(anonymous_7)
FN:104,(anonymous_8)
FN:115,(anonymous_9)
FN:120,(anonymous_10)
FNF:11
FNH:3
FNDA:1,(anonymous_0)
FNDA:0,(anonymous_1)
FNDA:0,(anonymous_2)
FNDA:1,(anonymous_3)
FNDA:1,(anonymous_4)
FNDA:0,(anonymous_5)
FNDA:0,(anonymous_6)
FNDA:0,(anonymous_7)
FNDA:0,(anonymous_8)
FNDA:0,(anonymous_9)
FNDA:0,(anonymous_10)
DA:2,1
DA:5,1
DA:8,1
DA:11,1
DA:14,1
DA:17,1
DA:18,1
DA:23,1
DA:26,1
DA:30,1
DA:32,1
DA:39,1
DA:43,1
DA:45,0
DA:46,0
DA:48,0
DA:50,0
DA:53,0
DA:55,0
DA:57,0
DA:59,0
DA:64,1
DA:66,1
DA:69,1
DA:71,1
DA:73,1
DA:75,1
DA:80,1
DA:82,0
DA:85,0
DA:87,0
DA:89,0
DA:91,0
DA:96,1
DA:98,0
DA:100,0
DA:104,0
DA:106,0
DA:108,0
DA:110,0
DA:115,1
DA:117,0
DA:120,0
DA:122,0
DA:124,0
DA:126,0
DA:131,1
LF:47
LH:23
BRDA:55,0,0,0
BRDA:55,0,1,0
BRDA:71,1,0,0
BRDA:71,1,1,1
BRDA:87,2,0,0
BRDA:87,2,1,0
BRDA:106,3,0,0
BRDA:106,3,1,0
BRDA:122,4,0,0
BRDA:122,4,1,0
BRF:10
BRH:1
end_of_record
